<?xml version="1.0" encoding="UTF-8"?>
<!-- Generated by org.testng.reporters.JUnitReportReporter -->
<testsuite skipped="0" hostname="BlackCoffee" name="bluestone.script.Offers" tests="3" failures="0" timestamp="05 Aug 2019 07:56:03 GMT" time="54.663" errors="0">
  <testcase name="verify20Perc" time="17.269" classname="bluestone.script.Offers"/>
  <testcase name="verify5Perc" time="17.013" classname="bluestone.script.Offers"/>
  <testcase name="verify10Perc" time="20.381" classname="bluestone.script.Offers"/>
</testsuite> <!-- bluestone.script.Offers -->
