<?xml version="1.0" encoding="UTF-8"?>
<!-- Generated by org.testng.reporters.JUnitReportReporter -->
<testsuite skipped="0" hostname="BlackCoffee" name="DemoTests.DemoTest" tests="1" failures="0" timestamp="01 Aug 2019 06:59:31 GMT" time="7.160" errors="0">
  <testcase name="test1" time="7.160" classname="DemoTests.DemoTest"/>
</testsuite> <!-- DemoTests.DemoTest -->
