<?xml version="1.0" encoding="UTF-8"?>
<!-- Generated by org.testng.reporters.JUnitReportReporter -->
<testsuite skipped="0" hostname="BlackCoffee" name="bluestone.script.Stores" tests="1" failures="0" timestamp="07 Aug 2019 10:17:54 GMT" time="26.789" errors="0">
  <testcase name="getStoreMaps" time="26.789" classname="bluestone.script.Stores"/>
</testsuite> <!-- bluestone.script.Stores -->
