<?xml version="1.0" encoding="UTF-8"?>
<!-- Generated by org.testng.reporters.JUnitReportReporter -->
<testsuite skipped="0" hostname="BlackCoffee" name="bluestone.script.Stores" tests="1" failures="0" timestamp="01 Aug 2019 10:42:47 GMT" time="44.724" errors="0">
  <testcase name="getNoOfStores" time="44.724" classname="bluestone.script.Stores"/>
</testsuite> <!-- bluestone.script.Stores -->
