<?xml version="1.0" encoding="UTF-8"?>
<!-- Generated by org.testng.reporters.JUnitReportReporter -->
<testsuite skipped="0" hostname="BlackCoffee" name="DemoTest" tests="1" failures="0" timestamp="01 Aug 2019 06:56:49 GMT" time="7.210" errors="0">
  <testcase name="test1" time="7.210" classname="DemoTest"/>
</testsuite> <!-- DemoTest -->
