<?xml version="1.0" encoding="UTF-8"?>
<!-- Generated by org.testng.reporters.JUnitReportReporter -->
<testsuite skipped="0" hostname="BlackCoffee" name="DemoTests.DemoSeleniumHQTest" tests="1" failures="0" timestamp="01 Aug 2019 07:01:59 GMT" time="7.171" errors="0">
  <testcase name="loadSeleniumHQPage" time="7.171" classname="DemoTests.DemoSeleniumHQTest"/>
</testsuite> <!-- DemoTests.DemoSeleniumHQTest -->
