<?xml version="1.0" encoding="UTF-8"?>
<!-- Generated by org.testng.reporters.JUnitReportReporter -->
<testsuite skipped="0" hostname="TYSS-4F-078" name="bluestone.script.Logo" tests="1" failures="0" timestamp="16 Aug 2019 12:59:28 GMT" time="21.753" errors="0">
  <testcase name="verifyLogoConsistency" time="21.753" classname="bluestone.script.Logo"/>
</testsuite> <!-- bluestone.script.Logo -->
